 
****************************************
check_design summary:
Version:     L-2016.03-SP1
Date:        Sun Jul 12 22:14:05 2026
****************************************

                   Name                                            Total
--------------------------------------------------------------------------------
Inputs/Outputs                                                      1
    Feedthrough (LINT-29)                                           1

Cells                                                             223
    Cells do not drive (LINT-1)                                    53
    Connected to power or ground (LINT-32)                        162
    Nets connected to multiple pins on same cell (LINT-33)          8

Nets                                                              117
    Unloaded nets (LINT-2)                                        117
--------------------------------------------------------------------------------

Warning: In design 'single_head_attention_controller_8_8_32_16_64_1', cell 'B_221' does not drive any nets. (LINT-1)
Warning: In design 'single_head_attention_controller_8_8_32_16_64_1', cell 'B_222' does not drive any nets. (LINT-1)
Warning: In design 'single_head_attention_controller_8_8_32_16_64_1', cell 'B_223' does not drive any nets. (LINT-1)
Warning: In design 'single_head_attention_controller_8_8_32_16_64_1', cell 'B_224' does not drive any nets. (LINT-1)
Warning: In design 'single_head_attention_controller_8_8_32_16_64_1', cell 'B_225' does not drive any nets. (LINT-1)
Warning: In design 'single_head_attention_controller_8_8_32_16_64_1', cell 'B_226' does not drive any nets. (LINT-1)
Warning: In design 'single_head_attention_controller_8_8_32_16_64_1', cell 'B_227' does not drive any nets. (LINT-1)
Warning: In design 'single_head_attention_controller_8_8_32_16_64_1', cell 'B_228' does not drive any nets. (LINT-1)
Warning: In design 'single_head_attention_controller_8_8_32_16_64_1', cell 'B_229' does not drive any nets. (LINT-1)
Warning: In design 'single_head_attention_controller_8_8_32_16_64_1', cell 'B_230' does not drive any nets. (LINT-1)
Warning: In design 'single_head_attention_controller_8_8_32_16_64_1', cell 'B_231' does not drive any nets. (LINT-1)
Warning: In design 'single_head_attention_controller_8_8_32_16_64_1', cell 'B_232' does not drive any nets. (LINT-1)
Warning: In design 'single_head_attention_controller_8_8_32_16_64_1', cell 'B_233' does not drive any nets. (LINT-1)
Warning: In design 'single_head_attention_controller_8_8_32_16_64_1', cell 'B_234' does not drive any nets. (LINT-1)
Warning: In design 'single_head_attention_controller_8_8_32_16_64_1', cell 'B_235' does not drive any nets. (LINT-1)
Warning: In design 'single_head_attention_controller_8_8_32_16_64_1', cell 'B_236' does not drive any nets. (LINT-1)
Warning: In design 'single_head_attention_controller_8_8_32_16_64_1', cell 'B_238' does not drive any nets. (LINT-1)
Warning: In design 'single_head_attention_controller_8_8_32_16_64_1', cell 'B_239' does not drive any nets. (LINT-1)
Warning: In design 'single_head_attention_controller_8_8_32_16_64_1', cell 'B_240' does not drive any nets. (LINT-1)
Warning: In design 'single_head_attention_controller_8_8_32_16_64_1', cell 'C62792' does not drive any nets. (LINT-1)
Warning: In design 'single_head_attention_controller_8_8_32_16_64_1', cell 'C62793' does not drive any nets. (LINT-1)
Warning: In design 'single_head_attention_controller_8_8_32_16_64_1', cell 'C62891' does not drive any nets. (LINT-1)
Warning: In design 'single_head_attention_controller_8_8_32_16_64_1', cell 'C62920' does not drive any nets. (LINT-1)
Warning: In design 'single_head_attention_controller_8_8_32_16_64_1', cell 'C62952' does not drive any nets. (LINT-1)
Warning: In design 'single_head_attention_controller_8_8_32_16_64_1', cell 'C62962' does not drive any nets. (LINT-1)
Warning: In design 'single_head_attention_controller_8_8_32_16_64_1', cell 'C63741' does not drive any nets. (LINT-1)
Warning: In design 'single_head_attention_controller_8_8_32_16_64_1', cell 'C63744' does not drive any nets. (LINT-1)
Warning: In design 'single_head_attention_controller_8_8_32_16_64_1', cell 'C63747' does not drive any nets. (LINT-1)
Warning: In design 'single_head_attention_controller_8_8_32_16_64_1', cell 'C63750' does not drive any nets. (LINT-1)
Warning: In design 'single_head_attention_controller_8_8_32_16_64_1', cell 'C63752' does not drive any nets. (LINT-1)
Warning: In design 'single_head_attention_controller_8_8_32_16_64_1', cell 'C63775' does not drive any nets. (LINT-1)
Warning: In design 'single_head_attention_controller_8_8_32_16_64_1', cell 'C63804' does not drive any nets. (LINT-1)
Warning: In design 'single_head_attention_controller_8_8_32_16_64_1', cell 'C63812' does not drive any nets. (LINT-1)
Warning: In design 'single_head_attention_controller_8_8_32_16_64_1', cell 'C63834' does not drive any nets. (LINT-1)
Warning: In design 'single_head_attention_controller_8_8_32_16_64_1', cell 'C63853' does not drive any nets. (LINT-1)
Warning: In design 'single_head_attention_controller_8_8_32_16_64_1', cell 'C63860' does not drive any nets. (LINT-1)
Warning: In design 'score_buffer_DEPTH32_COUNTER_W64_READ_LATENCY1', cell 'B_9' does not drive any nets. (LINT-1)
Warning: In design 'score_buffer_DEPTH32_COUNTER_W64_READ_LATENCY1', cell 'B_10' does not drive any nets. (LINT-1)
Warning: In design 'score_buffer_DEPTH32_COUNTER_W64_READ_LATENCY1', cell 'C271' does not drive any nets. (LINT-1)
Warning: In design 'score_buffer_DEPTH32_COUNTER_W64_READ_LATENCY1', cell 'C283' does not drive any nets. (LINT-1)
Warning: In design 'score_buffer_DEPTH32_COUNTER_W64_READ_LATENCY1', cell 'C288' does not drive any nets. (LINT-1)
Warning: In design 'softmax_reduction_16_1', cell 'C4289' does not drive any nets. (LINT-1)
Warning: In design 'softmax_reduction_16_1', cell 'C4346' does not drive any nets. (LINT-1)
Warning: In design 'fp32_reduction_tree_8_16_1', cell 'C3570' does not drive any nets. (LINT-1)
Warning: In design 'pe_perf_counter_PE_NUM8_COUNTER_W64', cell 'C3731' does not drive any nets. (LINT-1)
Warning: In design 'pe_perf_counter_PE_NUM8_COUNTER_W64', cell 'C3733' does not drive any nets. (LINT-1)
Warning: In design 'pe_perf_counter_PE_NUM8_COUNTER_W64', cell 'C3735' does not drive any nets. (LINT-1)
Warning: In design 'pe_perf_counter_PE_NUM8_COUNTER_W64', cell 'C3737' does not drive any nets. (LINT-1)
Warning: In design 'pe_perf_counter_PE_NUM8_COUNTER_W64', cell 'C3739' does not drive any nets. (LINT-1)
Warning: In design 'pe_perf_counter_PE_NUM8_COUNTER_W64', cell 'C3741' does not drive any nets. (LINT-1)
Warning: In design 'pe_perf_counter_PE_NUM8_COUNTER_W64', cell 'C3743' does not drive any nets. (LINT-1)
Warning: In design 'pe_perf_counter_PE_NUM8_COUNTER_W64', cell 'C3745' does not drive any nets. (LINT-1)
Warning: In design 'fp32_exp_wrapper_16_1', cell 'C128' does not drive any nets. (LINT-1)
Warning: In design 'single_head_attention', net 'u_controller/prob_peak_occupancy[0]' driven by pin 'u_controller/u_probability_buffer/peak_occupancy[0]' has no loads. (LINT-2)
Warning: In design 'single_head_attention', net 'u_controller/prob_peak_occupancy[1]' driven by pin 'u_controller/u_probability_buffer/peak_occupancy[1]' has no loads. (LINT-2)
Warning: In design 'single_head_attention', net 'u_controller/prob_peak_occupancy[2]' driven by pin 'u_controller/u_probability_buffer/peak_occupancy[2]' has no loads. (LINT-2)
Warning: In design 'single_head_attention', net 'u_controller/prob_peak_occupancy[3]' driven by pin 'u_controller/u_probability_buffer/peak_occupancy[3]' has no loads. (LINT-2)
Warning: In design 'single_head_attention', net 'u_controller/prob_peak_occupancy[4]' driven by pin 'u_controller/u_probability_buffer/peak_occupancy[4]' has no loads. (LINT-2)
Warning: In design 'single_head_attention', net 'u_controller/prob_peak_occupancy[5]' driven by pin 'u_controller/u_probability_buffer/peak_occupancy[5]' has no loads. (LINT-2)
Warning: In design 'single_head_attention', net 'u_controller/prob_occupancy[0]' driven by pin 'u_controller/u_probability_buffer/occupancy[0]' has no loads. (LINT-2)
Warning: In design 'single_head_attention', net 'u_controller/prob_occupancy[1]' driven by pin 'u_controller/u_probability_buffer/occupancy[1]' has no loads. (LINT-2)
Warning: In design 'single_head_attention', net 'u_controller/prob_occupancy[2]' driven by pin 'u_controller/u_probability_buffer/occupancy[2]' has no loads. (LINT-2)
Warning: In design 'single_head_attention', net 'u_controller/prob_occupancy[3]' driven by pin 'u_controller/u_probability_buffer/occupancy[3]' has no loads. (LINT-2)
Warning: In design 'single_head_attention', net 'u_controller/prob_occupancy[4]' driven by pin 'u_controller/u_probability_buffer/occupancy[4]' has no loads. (LINT-2)
Warning: In design 'single_head_attention', net 'u_controller/prob_occupancy[5]' driven by pin 'u_controller/u_probability_buffer/occupancy[5]' has no loads. (LINT-2)
Warning: In design 'single_head_attention', net 'u_controller/prob_valid_length[0]' driven by pin 'u_controller/u_probability_buffer/valid_length[0]' has no loads. (LINT-2)
Warning: In design 'single_head_attention', net 'u_controller/prob_valid_length[1]' driven by pin 'u_controller/u_probability_buffer/valid_length[1]' has no loads. (LINT-2)
Warning: In design 'single_head_attention', net 'u_controller/prob_valid_length[2]' driven by pin 'u_controller/u_probability_buffer/valid_length[2]' has no loads. (LINT-2)
Warning: In design 'single_head_attention', net 'u_controller/prob_valid_length[3]' driven by pin 'u_controller/u_probability_buffer/valid_length[3]' has no loads. (LINT-2)
Warning: In design 'single_head_attention', net 'u_controller/prob_valid_length[4]' driven by pin 'u_controller/u_probability_buffer/valid_length[4]' has no loads. (LINT-2)
Warning: In design 'single_head_attention', net 'u_controller/prob_valid_length[5]' driven by pin 'u_controller/u_probability_buffer/valid_length[5]' has no loads. (LINT-2)
Warning: In design 'single_head_attention', net 'u_controller/prob_rsp_addr[0]' driven by pin 'u_controller/u_probability_buffer/rsp_addr[0]' has no loads. (LINT-2)
Warning: In design 'single_head_attention', net 'u_controller/prob_rsp_addr[1]' driven by pin 'u_controller/u_probability_buffer/rsp_addr[1]' has no loads. (LINT-2)
Warning: In design 'single_head_attention', net 'u_controller/prob_rsp_addr[2]' driven by pin 'u_controller/u_probability_buffer/rsp_addr[2]' has no loads. (LINT-2)
Warning: In design 'single_head_attention', net 'u_controller/prob_rsp_addr[3]' driven by pin 'u_controller/u_probability_buffer/rsp_addr[3]' has no loads. (LINT-2)
Warning: In design 'single_head_attention', net 'u_controller/prob_rsp_addr[4]' driven by pin 'u_controller/u_probability_buffer/rsp_addr[4]' has no loads. (LINT-2)
Warning: In design 'single_head_attention', net 'u_controller/reduction_processed_count[0]' driven by pin 'u_controller/u_softmax_reduction/processed_count[0]' has no loads. (LINT-2)
Warning: In design 'single_head_attention', net 'u_controller/reduction_processed_count[1]' driven by pin 'u_controller/u_softmax_reduction/processed_count[1]' has no loads. (LINT-2)
Warning: In design 'single_head_attention', net 'u_controller/reduction_processed_count[2]' driven by pin 'u_controller/u_softmax_reduction/processed_count[2]' has no loads. (LINT-2)
Warning: In design 'single_head_attention', net 'u_controller/reduction_processed_count[3]' driven by pin 'u_controller/u_softmax_reduction/processed_count[3]' has no loads. (LINT-2)
Warning: In design 'single_head_attention', net 'u_controller/reduction_processed_count[4]' driven by pin 'u_controller/u_softmax_reduction/processed_count[4]' has no loads. (LINT-2)
Warning: In design 'single_head_attention', net 'u_controller/reduction_processed_count[5]' driven by pin 'u_controller/u_softmax_reduction/processed_count[5]' has no loads. (LINT-2)
Warning: In design 'single_head_attention', net 'u_controller/reduction_processed_count[6]' driven by pin 'u_controller/u_softmax_reduction/processed_count[6]' has no loads. (LINT-2)
Warning: In design 'single_head_attention', net 'u_controller/reduction_processed_count[7]' driven by pin 'u_controller/u_softmax_reduction/processed_count[7]' has no loads. (LINT-2)
Warning: In design 'single_head_attention', net 'u_controller/reduction_processed_count[8]' driven by pin 'u_controller/u_softmax_reduction/processed_count[8]' has no loads. (LINT-2)
Warning: In design 'single_head_attention', net 'u_controller/reduction_processed_count[9]' driven by pin 'u_controller/u_softmax_reduction/processed_count[9]' has no loads. (LINT-2)
Warning: In design 'single_head_attention', net 'u_controller/reduction_processed_count[10]' driven by pin 'u_controller/u_softmax_reduction/processed_count[10]' has no loads. (LINT-2)
Warning: In design 'single_head_attention', net 'u_controller/reduction_processed_count[11]' driven by pin 'u_controller/u_softmax_reduction/processed_count[11]' has no loads. (LINT-2)
Warning: In design 'single_head_attention', net 'u_controller/reduction_processed_count[12]' driven by pin 'u_controller/u_softmax_reduction/processed_count[12]' has no loads. (LINT-2)
Warning: In design 'single_head_attention', net 'u_controller/reduction_processed_count[13]' driven by pin 'u_controller/u_softmax_reduction/processed_count[13]' has no loads. (LINT-2)
Warning: In design 'single_head_attention', net 'u_controller/reduction_processed_count[14]' driven by pin 'u_controller/u_softmax_reduction/processed_count[14]' has no loads. (LINT-2)
Warning: In design 'single_head_attention', net 'u_controller/reduction_processed_count[15]' driven by pin 'u_controller/u_softmax_reduction/processed_count[15]' has no loads. (LINT-2)
Warning: In design 'single_head_attention', net 'u_controller/reduction_processed_count[16]' driven by pin 'u_controller/u_softmax_reduction/processed_count[16]' has no loads. (LINT-2)
Warning: In design 'single_head_attention', net 'u_controller/reduction_processed_count[17]' driven by pin 'u_controller/u_softmax_reduction/processed_count[17]' has no loads. (LINT-2)
Warning: In design 'single_head_attention', net 'u_controller/reduction_processed_count[18]' driven by pin 'u_controller/u_softmax_reduction/processed_count[18]' has no loads. (LINT-2)
Warning: In design 'single_head_attention', net 'u_controller/reduction_processed_count[19]' driven by pin 'u_controller/u_softmax_reduction/processed_count[19]' has no loads. (LINT-2)
Warning: In design 'single_head_attention', net 'u_controller/reduction_processed_count[20]' driven by pin 'u_controller/u_softmax_reduction/processed_count[20]' has no loads. (LINT-2)
Warning: In design 'single_head_attention', net 'u_controller/reduction_processed_count[21]' driven by pin 'u_controller/u_softmax_reduction/processed_count[21]' has no loads. (LINT-2)
Warning: In design 'single_head_attention', net 'u_controller/reduction_processed_count[22]' driven by pin 'u_controller/u_softmax_reduction/processed_count[22]' has no loads. (LINT-2)
Warning: In design 'single_head_attention', net 'u_controller/reduction_processed_count[23]' driven by pin 'u_controller/u_softmax_reduction/processed_count[23]' has no loads. (LINT-2)
Warning: In design 'single_head_attention', net 'u_controller/reduction_processed_count[24]' driven by pin 'u_controller/u_softmax_reduction/processed_count[24]' has no loads. (LINT-2)
Warning: In design 'single_head_attention', net 'u_controller/reduction_processed_count[25]' driven by pin 'u_controller/u_softmax_reduction/processed_count[25]' has no loads. (LINT-2)
Warning: In design 'single_head_attention', net 'u_controller/reduction_processed_count[26]' driven by pin 'u_controller/u_softmax_reduction/processed_count[26]' has no loads. (LINT-2)
Warning: In design 'single_head_attention', net 'u_controller/reduction_processed_count[27]' driven by pin 'u_controller/u_softmax_reduction/processed_count[27]' has no loads. (LINT-2)
Warning: In design 'single_head_attention', net 'u_controller/reduction_processed_count[28]' driven by pin 'u_controller/u_softmax_reduction/processed_count[28]' has no loads. (LINT-2)
Warning: In design 'single_head_attention', net 'u_controller/reduction_processed_count[29]' driven by pin 'u_controller/u_softmax_reduction/processed_count[29]' has no loads. (LINT-2)
Warning: In design 'single_head_attention', net 'u_controller/reduction_processed_count[30]' driven by pin 'u_controller/u_softmax_reduction/processed_count[30]' has no loads. (LINT-2)
Warning: In design 'single_head_attention', net 'u_controller/reduction_processed_count[31]' driven by pin 'u_controller/u_softmax_reduction/processed_count[31]' has no loads. (LINT-2)
Warning: In design 'single_head_attention', net 'u_controller/score_occupancy[0]' driven by pin 'u_controller/u_score_buffer/occupancy[0]' has no loads. (LINT-2)
Warning: In design 'single_head_attention', net 'u_controller/score_occupancy[1]' driven by pin 'u_controller/u_score_buffer/occupancy[1]' has no loads. (LINT-2)
Warning: In design 'single_head_attention', net 'u_controller/score_occupancy[2]' driven by pin 'u_controller/u_score_buffer/occupancy[2]' has no loads. (LINT-2)
Warning: In design 'single_head_attention', net 'u_controller/score_occupancy[3]' driven by pin 'u_controller/u_score_buffer/occupancy[3]' has no loads. (LINT-2)
Warning: In design 'single_head_attention', net 'u_controller/score_occupancy[4]' driven by pin 'u_controller/u_score_buffer/occupancy[4]' has no loads. (LINT-2)
Warning: In design 'single_head_attention', net 'u_controller/score_occupancy[5]' driven by pin 'u_controller/u_score_buffer/occupancy[5]' has no loads. (LINT-2)
Warning: In design 'single_head_attention', net 'u_controller/score_valid_length[0]' driven by pin 'u_controller/u_score_buffer/valid_length[0]' has no loads. (LINT-2)
Warning: In design 'single_head_attention', net 'u_controller/score_valid_length[1]' driven by pin 'u_controller/u_score_buffer/valid_length[1]' has no loads. (LINT-2)
Warning: In design 'single_head_attention', net 'u_controller/score_valid_length[2]' driven by pin 'u_controller/u_score_buffer/valid_length[2]' has no loads. (LINT-2)
Warning: In design 'single_head_attention', net 'u_controller/score_valid_length[3]' driven by pin 'u_controller/u_score_buffer/valid_length[3]' has no loads. (LINT-2)
Warning: In design 'single_head_attention', net 'u_controller/score_valid_length[4]' driven by pin 'u_controller/u_score_buffer/valid_length[4]' has no loads. (LINT-2)
Warning: In design 'single_head_attention', net 'u_controller/score_valid_length[5]' driven by pin 'u_controller/u_score_buffer/valid_length[5]' has no loads. (LINT-2)
Warning: In design 'single_head_attention', net 'u_controller/score_rsp_addr[0]' driven by pin 'u_controller/u_score_buffer/rsp_addr[0]' has no loads. (LINT-2)
Warning: In design 'single_head_attention', net 'u_controller/score_rsp_addr[1]' driven by pin 'u_controller/u_score_buffer/rsp_addr[1]' has no loads. (LINT-2)
Warning: In design 'single_head_attention', net 'u_controller/score_rsp_addr[2]' driven by pin 'u_controller/u_score_buffer/rsp_addr[2]' has no loads. (LINT-2)
Warning: In design 'single_head_attention', net 'u_controller/score_rsp_addr[3]' driven by pin 'u_controller/u_score_buffer/rsp_addr[3]' has no loads. (LINT-2)
Warning: In design 'single_head_attention', net 'u_controller/score_rsp_addr[4]' driven by pin 'u_controller/u_score_buffer/rsp_addr[4]' has no loads. (LINT-2)
Warning: In design 'single_head_attention', net 'u_controller/pe_out_last' driven by pin 'u_controller/u_pe_core/out_last' has no loads. (LINT-2)
Warning: In design 'single_head_attention', net 'u_controller/pe_out_meta[0]' driven by pin 'u_controller/u_pe_core/out_meta[0]' has no loads. (LINT-2)
Warning: In design 'single_head_attention', net 'u_controller/pe_out_meta[1]' driven by pin 'u_controller/u_pe_core/out_meta[1]' has no loads. (LINT-2)
Warning: In design 'single_head_attention', net 'u_controller/pe_out_meta[2]' driven by pin 'u_controller/u_pe_core/out_meta[2]' has no loads. (LINT-2)
Warning: In design 'single_head_attention', net 'u_controller/pe_out_meta[3]' driven by pin 'u_controller/u_pe_core/out_meta[3]' has no loads. (LINT-2)
Warning: In design 'single_head_attention', net 'u_controller/pe_out_meta[4]' driven by pin 'u_controller/u_pe_core/out_meta[4]' has no loads. (LINT-2)
Warning: In design 'single_head_attention', net 'u_controller/pe_out_meta[5]' driven by pin 'u_controller/u_pe_core/out_meta[5]' has no loads. (LINT-2)
Warning: In design 'single_head_attention', net 'u_controller/pe_out_meta[6]' driven by pin 'u_controller/u_pe_core/out_meta[6]' has no loads. (LINT-2)
Warning: In design 'single_head_attention', net 'u_controller/pe_out_meta[7]' driven by pin 'u_controller/u_pe_core/out_meta[7]' has no loads. (LINT-2)
Warning: In design 'single_head_attention', net 'u_controller/pe_out_meta[8]' driven by pin 'u_controller/u_pe_core/out_meta[8]' has no loads. (LINT-2)
Warning: In design 'single_head_attention', net 'u_controller/pe_out_meta[9]' driven by pin 'u_controller/u_pe_core/out_meta[9]' has no loads. (LINT-2)
Warning: In design 'single_head_attention', net 'u_controller/pe_out_meta[10]' driven by pin 'u_controller/u_pe_core/out_meta[10]' has no loads. (LINT-2)
Warning: In design 'single_head_attention', net 'u_controller/pe_out_meta[11]' driven by pin 'u_controller/u_pe_core/out_meta[11]' has no loads. (LINT-2)
Warning: In design 'single_head_attention', net 'u_controller/pe_out_meta[12]' driven by pin 'u_controller/u_pe_core/out_meta[12]' has no loads. (LINT-2)
Warning: In design 'single_head_attention', net 'u_controller/pe_out_meta[13]' driven by pin 'u_controller/u_pe_core/out_meta[13]' has no loads. (LINT-2)
Warning: In design 'single_head_attention', net 'u_controller/pe_out_meta[14]' driven by pin 'u_controller/u_pe_core/out_meta[14]' has no loads. (LINT-2)
Warning: In design 'single_head_attention', net 'u_controller/pe_out_meta[15]' driven by pin 'u_controller/u_pe_core/out_meta[15]' has no loads. (LINT-2)
Warning: In design 'single_head_attention', net 'u_controller/pe_out_mode[0]' driven by pin 'u_controller/u_pe_core/out_mode[0]' has no loads. (LINT-2)
Warning: In design 'single_head_attention', net 'u_controller/pe_out_mode[1]' driven by pin 'u_controller/u_pe_core/out_mode[1]' has no loads. (LINT-2)
Warning: In design 'single_head_attention', net 'u_controller/u_pe_core/lane_out_active[1]' driven by pin 'u_controller/u_pe_core/g_lanes[1].u_pe_lane/out_lane_active' has no loads. (LINT-2)
Warning: In design 'single_head_attention', net 'u_controller/u_pe_core/lane_out_active[2]' driven by pin 'u_controller/u_pe_core/g_lanes[2].u_pe_lane/out_lane_active' has no loads. (LINT-2)
Warning: In design 'single_head_attention', net 'u_controller/u_pe_core/lane_out_active[3]' driven by pin 'u_controller/u_pe_core/g_lanes[3].u_pe_lane/out_lane_active' has no loads. (LINT-2)
Warning: In design 'single_head_attention', net 'u_controller/u_pe_core/lane_out_active[4]' driven by pin 'u_controller/u_pe_core/g_lanes[4].u_pe_lane/out_lane_active' has no loads. (LINT-2)
Warning: In design 'single_head_attention', net 'u_controller/u_pe_core/lane_out_active[5]' driven by pin 'u_controller/u_pe_core/g_lanes[5].u_pe_lane/out_lane_active' has no loads. (LINT-2)
Warning: In design 'single_head_attention', net 'u_controller/u_pe_core/lane_out_active[6]' driven by pin 'u_controller/u_pe_core/g_lanes[6].u_pe_lane/out_lane_active' has no loads. (LINT-2)
Warning: In design 'single_head_attention', net 'u_controller/u_pe_core/lane_out_active[7]' driven by pin 'u_controller/u_pe_core/g_lanes[7].u_pe_lane/out_lane_active' has no loads. (LINT-2)
Warning: In design 'single_head_attention', net 'u_controller/u_pe_core/reduce_busy' driven by pin 'u_controller/u_pe_core/u_reduction_tree/busy' has no loads. (LINT-2)
Warning: In design 'single_head_attention', net 'u_controller/u_pe_core/lane_out_active[0]' driven by pin 'u_controller/u_pe_core/g_lanes[0].u_pe_lane/out_lane_active' has no loads. (LINT-2)
Warning: In design 'single_head_attention', net 'u_controller/u_pe_core/u_reduction_tree/add_out_last' driven by pin 'u_controller/u_pe_core/u_reduction_tree/u_add/out_last' has no loads. (LINT-2)
Warning: In design 'single_head_attention', net 'u_controller/u_pe_core/u_reduction_tree/add_out_meta[0]' driven by pin 'u_controller/u_pe_core/u_reduction_tree/u_add/out_meta[0]' has no loads. (LINT-2)
Warning: In design 'single_head_attention', net 'u_controller/u_pe_core/u_reduction_tree/add_out_meta[1]' driven by pin 'u_controller/u_pe_core/u_reduction_tree/u_add/out_meta[1]' has no loads. (LINT-2)
Warning: In design 'single_head_attention', net 'u_controller/u_pe_core/u_reduction_tree/add_out_meta[2]' driven by pin 'u_controller/u_pe_core/u_reduction_tree/u_add/out_meta[2]' has no loads. (LINT-2)
Warning: In design 'single_head_attention', net 'u_controller/u_pe_core/u_reduction_tree/add_out_meta[3]' driven by pin 'u_controller/u_pe_core/u_reduction_tree/u_add/out_meta[3]' has no loads. (LINT-2)
Warning: In design 'single_head_attention', net 'u_controller/u_pe_core/u_reduction_tree/add_out_meta[4]' driven by pin 'u_controller/u_pe_core/u_reduction_tree/u_add/out_meta[4]' has no loads. (LINT-2)
Warning: In design 'single_head_attention', net 'u_controller/u_pe_core/u_reduction_tree/add_out_meta[5]' driven by pin 'u_controller/u_pe_core/u_reduction_tree/u_add/out_meta[5]' has no loads. (LINT-2)
Warning: In design 'single_head_attention', net 'u_controller/u_pe_core/u_reduction_tree/add_out_meta[6]' driven by pin 'u_controller/u_pe_core/u_reduction_tree/u_add/out_meta[6]' has no loads. (LINT-2)
Warning: In design 'single_head_attention', net 'u_controller/u_pe_core/u_reduction_tree/add_out_meta[7]' driven by pin 'u_controller/u_pe_core/u_reduction_tree/u_add/out_meta[7]' has no loads. (LINT-2)
Warning: In design 'single_head_attention', net 'u_controller/u_pe_core/u_reduction_tree/add_out_meta[8]' driven by pin 'u_controller/u_pe_core/u_reduction_tree/u_add/out_meta[8]' has no loads. (LINT-2)
Warning: In design 'single_head_attention', net 'u_controller/u_pe_core/u_reduction_tree/add_out_meta[9]' driven by pin 'u_controller/u_pe_core/u_reduction_tree/u_add/out_meta[9]' has no loads. (LINT-2)
Warning: In design 'single_head_attention', net 'u_controller/u_pe_core/u_reduction_tree/add_out_meta[10]' driven by pin 'u_controller/u_pe_core/u_reduction_tree/u_add/out_meta[10]' has no loads. (LINT-2)
Warning: In design 'single_head_attention', net 'u_controller/u_pe_core/u_reduction_tree/add_out_meta[11]' driven by pin 'u_controller/u_pe_core/u_reduction_tree/u_add/out_meta[11]' has no loads. (LINT-2)
Warning: In design 'single_head_attention', net 'u_controller/u_pe_core/u_reduction_tree/add_out_meta[12]' driven by pin 'u_controller/u_pe_core/u_reduction_tree/u_add/out_meta[12]' has no loads. (LINT-2)
Warning: In design 'single_head_attention', net 'u_controller/u_pe_core/u_reduction_tree/add_out_meta[13]' driven by pin 'u_controller/u_pe_core/u_reduction_tree/u_add/out_meta[13]' has no loads. (LINT-2)
Warning: In design 'single_head_attention', net 'u_controller/u_pe_core/u_reduction_tree/add_out_meta[14]' driven by pin 'u_controller/u_pe_core/u_reduction_tree/u_add/out_meta[14]' has no loads. (LINT-2)
Warning: In design 'single_head_attention', net 'u_controller/u_pe_core/u_reduction_tree/add_out_meta[15]' driven by pin 'u_controller/u_pe_core/u_reduction_tree/u_add/out_meta[15]' has no loads. (LINT-2)
Warning: In design 'sram_2p_wrapper_DATA_W32_DEPTH32_READ_LATENCY1', input port 'clk_en' is connected directly to output port 'wr_ready'. (LINT-29)
Warning: In design 'single_head_attention_controller_8_8_32_16_64_1', a pin on submodule 'u_pe_core' is connected to logic 1 or logic 0. (LINT-32)
   Pin 'in_use_explicit_mask' is connected to logic 1. 
Warning: In design 'single_head_attention_controller_8_8_32_16_64_1', a pin on submodule 'u_pe_core' is connected to logic 1 or logic 0. (LINT-32)
   Pin 'in_active_lanes[3]' is connected to logic 0. 
Warning: In design 'single_head_attention_controller_8_8_32_16_64_1', a pin on submodule 'u_pe_core' is connected to logic 1 or logic 0. (LINT-32)
   Pin 'in_active_lanes[2]' is connected to logic 0. 
Warning: In design 'single_head_attention_controller_8_8_32_16_64_1', a pin on submodule 'u_pe_core' is connected to logic 1 or logic 0. (LINT-32)
   Pin 'in_active_lanes[1]' is connected to logic 0. 
Warning: In design 'single_head_attention_controller_8_8_32_16_64_1', a pin on submodule 'u_pe_core' is connected to logic 1 or logic 0. (LINT-32)
   Pin 'in_active_lanes[0]' is connected to logic 0. 
Warning: In design 'single_head_attention_controller_8_8_32_16_64_1', a pin on submodule 'u_score_buffer' is connected to logic 1 or logic 0. (LINT-32)
   Pin 'read_rewind' is connected to logic 0. 
Warning: In design 'reconfigurable_pe_core_8_16_64_1', a pin on submodule 'g_lanes[0].u_pe_lane' is connected to logic 1 or logic 0. (LINT-32)
   Pin 'in_lane_enable' is connected to logic 1. 
Warning: In design 'reconfigurable_pe_core_8_16_64_1', a pin on submodule 'g_lanes[1].u_pe_lane' is connected to logic 1 or logic 0. (LINT-32)
   Pin 'in_lane_enable' is connected to logic 1. 
Warning: In design 'reconfigurable_pe_core_8_16_64_1', a pin on submodule 'g_lanes[2].u_pe_lane' is connected to logic 1 or logic 0. (LINT-32)
   Pin 'in_lane_enable' is connected to logic 1. 
Warning: In design 'reconfigurable_pe_core_8_16_64_1', a pin on submodule 'g_lanes[3].u_pe_lane' is connected to logic 1 or logic 0. (LINT-32)
   Pin 'in_lane_enable' is connected to logic 1. 
Warning: In design 'reconfigurable_pe_core_8_16_64_1', a pin on submodule 'g_lanes[4].u_pe_lane' is connected to logic 1 or logic 0. (LINT-32)
   Pin 'in_lane_enable' is connected to logic 1. 
Warning: In design 'reconfigurable_pe_core_8_16_64_1', a pin on submodule 'g_lanes[5].u_pe_lane' is connected to logic 1 or logic 0. (LINT-32)
   Pin 'in_lane_enable' is connected to logic 1. 
Warning: In design 'reconfigurable_pe_core_8_16_64_1', a pin on submodule 'g_lanes[6].u_pe_lane' is connected to logic 1 or logic 0. (LINT-32)
   Pin 'in_lane_enable' is connected to logic 1. 
Warning: In design 'reconfigurable_pe_core_8_16_64_1', a pin on submodule 'g_lanes[7].u_pe_lane' is connected to logic 1 or logic 0. (LINT-32)
   Pin 'in_lane_enable' is connected to logic 1. 
Warning: In design 'reconfigurable_pe_core_8_16_64_1', a pin on submodule 'u_perf_counter' is connected to logic 1 or logic 0. (LINT-32)
   Pin 'clear' is connected to logic 0. 
Warning: In design 'attention_score_scaler_8_16_1', a pin on submodule 'u_scale_mac' is connected to logic 1 or logic 0. (LINT-32)
   Pin 'in_b[31]' is connected to logic 0. 
Warning: In design 'attention_score_scaler_8_16_1', a pin on submodule 'u_scale_mac' is connected to logic 1 or logic 0. (LINT-32)
   Pin 'in_b[30]' is connected to logic 0. 
Warning: In design 'attention_score_scaler_8_16_1', a pin on submodule 'u_scale_mac' is connected to logic 1 or logic 0. (LINT-32)
   Pin 'in_b[29]' is connected to logic 1. 
Warning: In design 'attention_score_scaler_8_16_1', a pin on submodule 'u_scale_mac' is connected to logic 1 or logic 0. (LINT-32)
   Pin 'in_b[28]' is connected to logic 1. 
Warning: In design 'attention_score_scaler_8_16_1', a pin on submodule 'u_scale_mac' is connected to logic 1 or logic 0. (LINT-32)
   Pin 'in_b[27]' is connected to logic 1. 
Warning: In design 'attention_score_scaler_8_16_1', a pin on submodule 'u_scale_mac' is connected to logic 1 or logic 0. (LINT-32)
   Pin 'in_b[26]' is connected to logic 1. 
Warning: In design 'attention_score_scaler_8_16_1', a pin on submodule 'u_scale_mac' is connected to logic 1 or logic 0. (LINT-32)
   Pin 'in_b[25]' is connected to logic 1. 
Warning: In design 'attention_score_scaler_8_16_1', a pin on submodule 'u_scale_mac' is connected to logic 1 or logic 0. (LINT-32)
   Pin 'in_b[24]' is connected to logic 0. 
Warning: In design 'attention_score_scaler_8_16_1', a pin on submodule 'u_scale_mac' is connected to logic 1 or logic 0. (LINT-32)
   Pin 'in_b[23]' is connected to logic 1. 
Warning: In design 'attention_score_scaler_8_16_1', a pin on submodule 'u_scale_mac' is connected to logic 1 or logic 0. (LINT-32)
   Pin 'in_b[22]' is connected to logic 0. 
Warning: In design 'attention_score_scaler_8_16_1', a pin on submodule 'u_scale_mac' is connected to logic 1 or logic 0. (LINT-32)
   Pin 'in_b[21]' is connected to logic 1. 
Warning: In design 'attention_score_scaler_8_16_1', a pin on submodule 'u_scale_mac' is connected to logic 1 or logic 0. (LINT-32)
   Pin 'in_b[20]' is connected to logic 1. 
Warning: In design 'attention_score_scaler_8_16_1', a pin on submodule 'u_scale_mac' is connected to logic 1 or logic 0. (LINT-32)
   Pin 'in_b[19]' is connected to logic 0. 
Warning: In design 'attention_score_scaler_8_16_1', a pin on submodule 'u_scale_mac' is connected to logic 1 or logic 0. (LINT-32)
   Pin 'in_b[18]' is connected to logic 1. 
Warning: In design 'attention_score_scaler_8_16_1', a pin on submodule 'u_scale_mac' is connected to logic 1 or logic 0. (LINT-32)
   Pin 'in_b[17]' is connected to logic 0. 
Warning: In design 'attention_score_scaler_8_16_1', a pin on submodule 'u_scale_mac' is connected to logic 1 or logic 0. (LINT-32)
   Pin 'in_b[16]' is connected to logic 1. 
Warning: In design 'attention_score_scaler_8_16_1', a pin on submodule 'u_scale_mac' is connected to logic 1 or logic 0. (LINT-32)
   Pin 'in_b[15]' is connected to logic 0. 
Warning: In design 'attention_score_scaler_8_16_1', a pin on submodule 'u_scale_mac' is connected to logic 1 or logic 0. (LINT-32)
   Pin 'in_b[14]' is connected to logic 0. 
Warning: In design 'attention_score_scaler_8_16_1', a pin on submodule 'u_scale_mac' is connected to logic 1 or logic 0. (LINT-32)
   Pin 'in_b[13]' is connected to logic 0. 
Warning: In design 'attention_score_scaler_8_16_1', a pin on submodule 'u_scale_mac' is connected to logic 1 or logic 0. (LINT-32)
   Pin 'in_b[12]' is connected to logic 0. 
Warning: In design 'attention_score_scaler_8_16_1', a pin on submodule 'u_scale_mac' is connected to logic 1 or logic 0. (LINT-32)
   Pin 'in_b[11]' is connected to logic 0. 
Warning: In design 'attention_score_scaler_8_16_1', a pin on submodule 'u_scale_mac' is connected to logic 1 or logic 0. (LINT-32)
   Pin 'in_b[10]' is connected to logic 1. 
Warning: In design 'attention_score_scaler_8_16_1', a pin on submodule 'u_scale_mac' is connected to logic 1 or logic 0. (LINT-32)
   Pin 'in_b[9]' is connected to logic 0. 
Warning: In design 'attention_score_scaler_8_16_1', a pin on submodule 'u_scale_mac' is connected to logic 1 or logic 0. (LINT-32)
   Pin 'in_b[8]' is connected to logic 0. 
Warning: In design 'attention_score_scaler_8_16_1', a pin on submodule 'u_scale_mac' is connected to logic 1 or logic 0. (LINT-32)
   Pin 'in_b[7]' is connected to logic 1. 
Warning: In design 'attention_score_scaler_8_16_1', a pin on submodule 'u_scale_mac' is connected to logic 1 or logic 0. (LINT-32)
   Pin 'in_b[6]' is connected to logic 1. 
Warning: In design 'attention_score_scaler_8_16_1', a pin on submodule 'u_scale_mac' is connected to logic 1 or logic 0. (LINT-32)
   Pin 'in_b[5]' is connected to logic 1. 
Warning: In design 'attention_score_scaler_8_16_1', a pin on submodule 'u_scale_mac' is connected to logic 1 or logic 0. (LINT-32)
   Pin 'in_b[4]' is connected to logic 1. 
Warning: In design 'attention_score_scaler_8_16_1', a pin on submodule 'u_scale_mac' is connected to logic 1 or logic 0. (LINT-32)
   Pin 'in_b[3]' is connected to logic 0. 
Warning: In design 'attention_score_scaler_8_16_1', a pin on submodule 'u_scale_mac' is connected to logic 1 or logic 0. (LINT-32)
   Pin 'in_b[2]' is connected to logic 0. 
Warning: In design 'attention_score_scaler_8_16_1', a pin on submodule 'u_scale_mac' is connected to logic 1 or logic 0. (LINT-32)
   Pin 'in_b[1]' is connected to logic 1. 
Warning: In design 'attention_score_scaler_8_16_1', a pin on submodule 'u_scale_mac' is connected to logic 1 or logic 0. (LINT-32)
   Pin 'in_b[0]' is connected to logic 1. 
Warning: In design 'attention_score_scaler_8_16_1', a pin on submodule 'u_scale_mac' is connected to logic 1 or logic 0. (LINT-32)
   Pin 'in_c[31]' is connected to logic 0. 
Warning: In design 'attention_score_scaler_8_16_1', a pin on submodule 'u_scale_mac' is connected to logic 1 or logic 0. (LINT-32)
   Pin 'in_c[30]' is connected to logic 0. 
Warning: In design 'attention_score_scaler_8_16_1', a pin on submodule 'u_scale_mac' is connected to logic 1 or logic 0. (LINT-32)
   Pin 'in_c[29]' is connected to logic 0. 
Warning: In design 'attention_score_scaler_8_16_1', a pin on submodule 'u_scale_mac' is connected to logic 1 or logic 0. (LINT-32)
   Pin 'in_c[28]' is connected to logic 0. 
Warning: In design 'attention_score_scaler_8_16_1', a pin on submodule 'u_scale_mac' is connected to logic 1 or logic 0. (LINT-32)
   Pin 'in_c[27]' is connected to logic 0. 
Warning: In design 'attention_score_scaler_8_16_1', a pin on submodule 'u_scale_mac' is connected to logic 1 or logic 0. (LINT-32)
   Pin 'in_c[26]' is connected to logic 0. 
Warning: In design 'attention_score_scaler_8_16_1', a pin on submodule 'u_scale_mac' is connected to logic 1 or logic 0. (LINT-32)
   Pin 'in_c[25]' is connected to logic 0. 
Warning: In design 'attention_score_scaler_8_16_1', a pin on submodule 'u_scale_mac' is connected to logic 1 or logic 0. (LINT-32)
   Pin 'in_c[24]' is connected to logic 0. 
Warning: In design 'attention_score_scaler_8_16_1', a pin on submodule 'u_scale_mac' is connected to logic 1 or logic 0. (LINT-32)
   Pin 'in_c[23]' is connected to logic 0. 
Warning: In design 'attention_score_scaler_8_16_1', a pin on submodule 'u_scale_mac' is connected to logic 1 or logic 0. (LINT-32)
   Pin 'in_c[22]' is connected to logic 0. 
Warning: In design 'attention_score_scaler_8_16_1', a pin on submodule 'u_scale_mac' is connected to logic 1 or logic 0. (LINT-32)
   Pin 'in_c[21]' is connected to logic 0. 
Warning: In design 'attention_score_scaler_8_16_1', a pin on submodule 'u_scale_mac' is connected to logic 1 or logic 0. (LINT-32)
   Pin 'in_c[20]' is connected to logic 0. 
Warning: In design 'attention_score_scaler_8_16_1', a pin on submodule 'u_scale_mac' is connected to logic 1 or logic 0. (LINT-32)
   Pin 'in_c[19]' is connected to logic 0. 
Warning: In design 'attention_score_scaler_8_16_1', a pin on submodule 'u_scale_mac' is connected to logic 1 or logic 0. (LINT-32)
   Pin 'in_c[18]' is connected to logic 0. 
Warning: In design 'attention_score_scaler_8_16_1', a pin on submodule 'u_scale_mac' is connected to logic 1 or logic 0. (LINT-32)
   Pin 'in_c[17]' is connected to logic 0. 
Warning: In design 'attention_score_scaler_8_16_1', a pin on submodule 'u_scale_mac' is connected to logic 1 or logic 0. (LINT-32)
   Pin 'in_c[16]' is connected to logic 0. 
Warning: In design 'attention_score_scaler_8_16_1', a pin on submodule 'u_scale_mac' is connected to logic 1 or logic 0. (LINT-32)
   Pin 'in_c[15]' is connected to logic 0. 
Warning: In design 'attention_score_scaler_8_16_1', a pin on submodule 'u_scale_mac' is connected to logic 1 or logic 0. (LINT-32)
   Pin 'in_c[14]' is connected to logic 0. 
Warning: In design 'attention_score_scaler_8_16_1', a pin on submodule 'u_scale_mac' is connected to logic 1 or logic 0. (LINT-32)
   Pin 'in_c[13]' is connected to logic 0. 
Warning: In design 'attention_score_scaler_8_16_1', a pin on submodule 'u_scale_mac' is connected to logic 1 or logic 0. (LINT-32)
   Pin 'in_c[12]' is connected to logic 0. 
Warning: In design 'attention_score_scaler_8_16_1', a pin on submodule 'u_scale_mac' is connected to logic 1 or logic 0. (LINT-32)
   Pin 'in_c[11]' is connected to logic 0. 
Warning: In design 'attention_score_scaler_8_16_1', a pin on submodule 'u_scale_mac' is connected to logic 1 or logic 0. (LINT-32)
   Pin 'in_c[10]' is connected to logic 0. 
Warning: In design 'attention_score_scaler_8_16_1', a pin on submodule 'u_scale_mac' is connected to logic 1 or logic 0. (LINT-32)
   Pin 'in_c[9]' is connected to logic 0. 
Warning: In design 'attention_score_scaler_8_16_1', a pin on submodule 'u_scale_mac' is connected to logic 1 or logic 0. (LINT-32)
   Pin 'in_c[8]' is connected to logic 0. 
Warning: In design 'attention_score_scaler_8_16_1', a pin on submodule 'u_scale_mac' is connected to logic 1 or logic 0. (LINT-32)
   Pin 'in_c[7]' is connected to logic 0. 
Warning: In design 'attention_score_scaler_8_16_1', a pin on submodule 'u_scale_mac' is connected to logic 1 or logic 0. (LINT-32)
   Pin 'in_c[6]' is connected to logic 0. 
Warning: In design 'attention_score_scaler_8_16_1', a pin on submodule 'u_scale_mac' is connected to logic 1 or logic 0. (LINT-32)
   Pin 'in_c[5]' is connected to logic 0. 
Warning: In design 'attention_score_scaler_8_16_1', a pin on submodule 'u_scale_mac' is connected to logic 1 or logic 0. (LINT-32)
   Pin 'in_c[4]' is connected to logic 0. 
Warning: In design 'attention_score_scaler_8_16_1', a pin on submodule 'u_scale_mac' is connected to logic 1 or logic 0. (LINT-32)
   Pin 'in_c[3]' is connected to logic 0. 
Warning: In design 'attention_score_scaler_8_16_1', a pin on submodule 'u_scale_mac' is connected to logic 1 or logic 0. (LINT-32)
   Pin 'in_c[2]' is connected to logic 0. 
Warning: In design 'attention_score_scaler_8_16_1', a pin on submodule 'u_scale_mac' is connected to logic 1 or logic 0. (LINT-32)
   Pin 'in_c[1]' is connected to logic 0. 
Warning: In design 'attention_score_scaler_8_16_1', a pin on submodule 'u_scale_mac' is connected to logic 1 or logic 0. (LINT-32)
   Pin 'in_c[0]' is connected to logic 0. 
Warning: In design 'score_buffer_DEPTH32_COUNTER_W64_READ_LATENCY1', a pin on submodule 'u_mem' is connected to logic 1 or logic 0. (LINT-32)
   Pin 'clk_en' is connected to logic 1. 
Warning: In design 'score_buffer_DEPTH32_COUNTER_W64_READ_LATENCY1', a pin on submodule 'u_mem' is connected to logic 1 or logic 0. (LINT-32)
   Pin 'wr_wstrb[3]' is connected to logic 1. 
Warning: In design 'score_buffer_DEPTH32_COUNTER_W64_READ_LATENCY1', a pin on submodule 'u_mem' is connected to logic 1 or logic 0. (LINT-32)
   Pin 'wr_wstrb[2]' is connected to logic 1. 
Warning: In design 'score_buffer_DEPTH32_COUNTER_W64_READ_LATENCY1', a pin on submodule 'u_mem' is connected to logic 1 or logic 0. (LINT-32)
   Pin 'wr_wstrb[1]' is connected to logic 1. 
Warning: In design 'score_buffer_DEPTH32_COUNTER_W64_READ_LATENCY1', a pin on submodule 'u_mem' is connected to logic 1 or logic 0. (LINT-32)
   Pin 'wr_wstrb[0]' is connected to logic 1. 
Warning: In design 'softmax_reduction_16_1', a pin on submodule 'u_scale_old_sum' is connected to logic 1 or logic 0. (LINT-32)
   Pin 'in_c[31]' is connected to logic 0. 
Warning: In design 'softmax_reduction_16_1', a pin on submodule 'u_scale_old_sum' is connected to logic 1 or logic 0. (LINT-32)
   Pin 'in_c[30]' is connected to logic 0. 
Warning: In design 'softmax_reduction_16_1', a pin on submodule 'u_scale_old_sum' is connected to logic 1 or logic 0. (LINT-32)
   Pin 'in_c[29]' is connected to logic 0. 
Warning: In design 'softmax_reduction_16_1', a pin on submodule 'u_scale_old_sum' is connected to logic 1 or logic 0. (LINT-32)
   Pin 'in_c[28]' is connected to logic 0. 
Warning: In design 'softmax_reduction_16_1', a pin on submodule 'u_scale_old_sum' is connected to logic 1 or logic 0. (LINT-32)
   Pin 'in_c[27]' is connected to logic 0. 
Warning: In design 'softmax_reduction_16_1', a pin on submodule 'u_scale_old_sum' is connected to logic 1 or logic 0. (LINT-32)
   Pin 'in_c[26]' is connected to logic 0. 
Warning: In design 'softmax_reduction_16_1', a pin on submodule 'u_scale_old_sum' is connected to logic 1 or logic 0. (LINT-32)
   Pin 'in_c[25]' is connected to logic 0. 
Warning: In design 'softmax_reduction_16_1', a pin on submodule 'u_scale_old_sum' is connected to logic 1 or logic 0. (LINT-32)
   Pin 'in_c[24]' is connected to logic 0. 
Warning: In design 'softmax_reduction_16_1', a pin on submodule 'u_scale_old_sum' is connected to logic 1 or logic 0. (LINT-32)
   Pin 'in_c[23]' is connected to logic 0. 
Warning: In design 'softmax_reduction_16_1', a pin on submodule 'u_scale_old_sum' is connected to logic 1 or logic 0. (LINT-32)
   Pin 'in_c[22]' is connected to logic 0. 
Warning: In design 'softmax_reduction_16_1', a pin on submodule 'u_scale_old_sum' is connected to logic 1 or logic 0. (LINT-32)
   Pin 'in_c[21]' is connected to logic 0. 
Warning: In design 'softmax_reduction_16_1', a pin on submodule 'u_scale_old_sum' is connected to logic 1 or logic 0. (LINT-32)
   Pin 'in_c[20]' is connected to logic 0. 
Warning: In design 'softmax_reduction_16_1', a pin on submodule 'u_scale_old_sum' is connected to logic 1 or logic 0. (LINT-32)
   Pin 'in_c[19]' is connected to logic 0. 
Warning: In design 'softmax_reduction_16_1', a pin on submodule 'u_scale_old_sum' is connected to logic 1 or logic 0. (LINT-32)
   Pin 'in_c[18]' is connected to logic 0. 
Warning: In design 'softmax_reduction_16_1', a pin on submodule 'u_scale_old_sum' is connected to logic 1 or logic 0. (LINT-32)
   Pin 'in_c[17]' is connected to logic 0. 
Warning: In design 'softmax_reduction_16_1', a pin on submodule 'u_scale_old_sum' is connected to logic 1 or logic 0. (LINT-32)
   Pin 'in_c[16]' is connected to logic 0. 
Warning: In design 'softmax_reduction_16_1', a pin on submodule 'u_scale_old_sum' is connected to logic 1 or logic 0. (LINT-32)
   Pin 'in_c[15]' is connected to logic 0. 
Warning: In design 'softmax_reduction_16_1', a pin on submodule 'u_scale_old_sum' is connected to logic 1 or logic 0. (LINT-32)
   Pin 'in_c[14]' is connected to logic 0. 
Warning: In design 'softmax_reduction_16_1', a pin on submodule 'u_scale_old_sum' is connected to logic 1 or logic 0. (LINT-32)
   Pin 'in_c[13]' is connected to logic 0. 
Warning: In design 'softmax_reduction_16_1', a pin on submodule 'u_scale_old_sum' is connected to logic 1 or logic 0. (LINT-32)
   Pin 'in_c[12]' is connected to logic 0. 
Warning: In design 'softmax_reduction_16_1', a pin on submodule 'u_scale_old_sum' is connected to logic 1 or logic 0. (LINT-32)
   Pin 'in_c[11]' is connected to logic 0. 
Warning: In design 'softmax_reduction_16_1', a pin on submodule 'u_scale_old_sum' is connected to logic 1 or logic 0. (LINT-32)
   Pin 'in_c[10]' is connected to logic 0. 
Warning: In design 'softmax_reduction_16_1', a pin on submodule 'u_scale_old_sum' is connected to logic 1 or logic 0. (LINT-32)
   Pin 'in_c[9]' is connected to logic 0. 
Warning: In design 'softmax_reduction_16_1', a pin on submodule 'u_scale_old_sum' is connected to logic 1 or logic 0. (LINT-32)
   Pin 'in_c[8]' is connected to logic 0. 
Warning: In design 'softmax_reduction_16_1', a pin on submodule 'u_scale_old_sum' is connected to logic 1 or logic 0. (LINT-32)
   Pin 'in_c[7]' is connected to logic 0. 
Warning: In design 'softmax_reduction_16_1', a pin on submodule 'u_scale_old_sum' is connected to logic 1 or logic 0. (LINT-32)
   Pin 'in_c[6]' is connected to logic 0. 
Warning: In design 'softmax_reduction_16_1', a pin on submodule 'u_scale_old_sum' is connected to logic 1 or logic 0. (LINT-32)
   Pin 'in_c[5]' is connected to logic 0. 
Warning: In design 'softmax_reduction_16_1', a pin on submodule 'u_scale_old_sum' is connected to logic 1 or logic 0. (LINT-32)
   Pin 'in_c[4]' is connected to logic 0. 
Warning: In design 'softmax_reduction_16_1', a pin on submodule 'u_scale_old_sum' is connected to logic 1 or logic 0. (LINT-32)
   Pin 'in_c[3]' is connected to logic 0. 
Warning: In design 'softmax_reduction_16_1', a pin on submodule 'u_scale_old_sum' is connected to logic 1 or logic 0. (LINT-32)
   Pin 'in_c[2]' is connected to logic 0. 
Warning: In design 'softmax_reduction_16_1', a pin on submodule 'u_scale_old_sum' is connected to logic 1 or logic 0. (LINT-32)
   Pin 'in_c[1]' is connected to logic 0. 
Warning: In design 'softmax_reduction_16_1', a pin on submodule 'u_scale_old_sum' is connected to logic 1 or logic 0. (LINT-32)
   Pin 'in_c[0]' is connected to logic 0. 
Warning: In design 'softmax_normalization_16_5_1', a pin on submodule 'u_recip' is connected to logic 1 or logic 0. (LINT-32)
   Pin 'in_last' is connected to logic 0. 
Warning: In design 'softmax_normalization_16_5_1', a pin on submodule 'u_prob_mul' is connected to logic 1 or logic 0. (LINT-32)
   Pin 'in_c[31]' is connected to logic 0. 
Warning: In design 'softmax_normalization_16_5_1', a pin on submodule 'u_prob_mul' is connected to logic 1 or logic 0. (LINT-32)
   Pin 'in_c[30]' is connected to logic 0. 
Warning: In design 'softmax_normalization_16_5_1', a pin on submodule 'u_prob_mul' is connected to logic 1 or logic 0. (LINT-32)
   Pin 'in_c[29]' is connected to logic 0. 
Warning: In design 'softmax_normalization_16_5_1', a pin on submodule 'u_prob_mul' is connected to logic 1 or logic 0. (LINT-32)
   Pin 'in_c[28]' is connected to logic 0. 
Warning: In design 'softmax_normalization_16_5_1', a pin on submodule 'u_prob_mul' is connected to logic 1 or logic 0. (LINT-32)
   Pin 'in_c[27]' is connected to logic 0. 
Warning: In design 'softmax_normalization_16_5_1', a pin on submodule 'u_prob_mul' is connected to logic 1 or logic 0. (LINT-32)
   Pin 'in_c[26]' is connected to logic 0. 
Warning: In design 'softmax_normalization_16_5_1', a pin on submodule 'u_prob_mul' is connected to logic 1 or logic 0. (LINT-32)
   Pin 'in_c[25]' is connected to logic 0. 
Warning: In design 'softmax_normalization_16_5_1', a pin on submodule 'u_prob_mul' is connected to logic 1 or logic 0. (LINT-32)
   Pin 'in_c[24]' is connected to logic 0. 
Warning: In design 'softmax_normalization_16_5_1', a pin on submodule 'u_prob_mul' is connected to logic 1 or logic 0. (LINT-32)
   Pin 'in_c[23]' is connected to logic 0. 
Warning: In design 'softmax_normalization_16_5_1', a pin on submodule 'u_prob_mul' is connected to logic 1 or logic 0. (LINT-32)
   Pin 'in_c[22]' is connected to logic 0. 
Warning: In design 'softmax_normalization_16_5_1', a pin on submodule 'u_prob_mul' is connected to logic 1 or logic 0. (LINT-32)
   Pin 'in_c[21]' is connected to logic 0. 
Warning: In design 'softmax_normalization_16_5_1', a pin on submodule 'u_prob_mul' is connected to logic 1 or logic 0. (LINT-32)
   Pin 'in_c[20]' is connected to logic 0. 
Warning: In design 'softmax_normalization_16_5_1', a pin on submodule 'u_prob_mul' is connected to logic 1 or logic 0. (LINT-32)
   Pin 'in_c[19]' is connected to logic 0. 
Warning: In design 'softmax_normalization_16_5_1', a pin on submodule 'u_prob_mul' is connected to logic 1 or logic 0. (LINT-32)
   Pin 'in_c[18]' is connected to logic 0. 
Warning: In design 'softmax_normalization_16_5_1', a pin on submodule 'u_prob_mul' is connected to logic 1 or logic 0. (LINT-32)
   Pin 'in_c[17]' is connected to logic 0. 
Warning: In design 'softmax_normalization_16_5_1', a pin on submodule 'u_prob_mul' is connected to logic 1 or logic 0. (LINT-32)
   Pin 'in_c[16]' is connected to logic 0. 
Warning: In design 'softmax_normalization_16_5_1', a pin on submodule 'u_prob_mul' is connected to logic 1 or logic 0. (LINT-32)
   Pin 'in_c[15]' is connected to logic 0. 
Warning: In design 'softmax_normalization_16_5_1', a pin on submodule 'u_prob_mul' is connected to logic 1 or logic 0. (LINT-32)
   Pin 'in_c[14]' is connected to logic 0. 
Warning: In design 'softmax_normalization_16_5_1', a pin on submodule 'u_prob_mul' is connected to logic 1 or logic 0. (LINT-32)
   Pin 'in_c[13]' is connected to logic 0. 
Warning: In design 'softmax_normalization_16_5_1', a pin on submodule 'u_prob_mul' is connected to logic 1 or logic 0. (LINT-32)
   Pin 'in_c[12]' is connected to logic 0. 
Warning: In design 'softmax_normalization_16_5_1', a pin on submodule 'u_prob_mul' is connected to logic 1 or logic 0. (LINT-32)
   Pin 'in_c[11]' is connected to logic 0. 
Warning: In design 'softmax_normalization_16_5_1', a pin on submodule 'u_prob_mul' is connected to logic 1 or logic 0. (LINT-32)
   Pin 'in_c[10]' is connected to logic 0. 
Warning: In design 'softmax_normalization_16_5_1', a pin on submodule 'u_prob_mul' is connected to logic 1 or logic 0. (LINT-32)
   Pin 'in_c[9]' is connected to logic 0. 
Warning: In design 'softmax_normalization_16_5_1', a pin on submodule 'u_prob_mul' is connected to logic 1 or logic 0. (LINT-32)
   Pin 'in_c[8]' is connected to logic 0. 
Warning: In design 'softmax_normalization_16_5_1', a pin on submodule 'u_prob_mul' is connected to logic 1 or logic 0. (LINT-32)
   Pin 'in_c[7]' is connected to logic 0. 
Warning: In design 'softmax_normalization_16_5_1', a pin on submodule 'u_prob_mul' is connected to logic 1 or logic 0. (LINT-32)
   Pin 'in_c[6]' is connected to logic 0. 
Warning: In design 'softmax_normalization_16_5_1', a pin on submodule 'u_prob_mul' is connected to logic 1 or logic 0. (LINT-32)
   Pin 'in_c[5]' is connected to logic 0. 
Warning: In design 'softmax_normalization_16_5_1', a pin on submodule 'u_prob_mul' is connected to logic 1 or logic 0. (LINT-32)
   Pin 'in_c[4]' is connected to logic 0. 
Warning: In design 'softmax_normalization_16_5_1', a pin on submodule 'u_prob_mul' is connected to logic 1 or logic 0. (LINT-32)
   Pin 'in_c[3]' is connected to logic 0. 
Warning: In design 'softmax_normalization_16_5_1', a pin on submodule 'u_prob_mul' is connected to logic 1 or logic 0. (LINT-32)
   Pin 'in_c[2]' is connected to logic 0. 
Warning: In design 'softmax_normalization_16_5_1', a pin on submodule 'u_prob_mul' is connected to logic 1 or logic 0. (LINT-32)
   Pin 'in_c[1]' is connected to logic 0. 
Warning: In design 'softmax_normalization_16_5_1', a pin on submodule 'u_prob_mul' is connected to logic 1 or logic 0. (LINT-32)
   Pin 'in_c[0]' is connected to logic 0. 
Warning: In design 'fp16_to_fp32_16_1', a pin on submodule 'u_output_reg' is connected to logic 1 or logic 0. (LINT-32)
   Pin 'in_data[12]' is connected to logic 0. 
Warning: In design 'fp16_to_fp32_16_1', a pin on submodule 'u_output_reg' is connected to logic 1 or logic 0. (LINT-32)
   Pin 'in_data[11]' is connected to logic 0. 
Warning: In design 'fp16_to_fp32_16_1', a pin on submodule 'u_output_reg' is connected to logic 1 or logic 0. (LINT-32)
   Pin 'in_data[10]' is connected to logic 0. 
Warning: In design 'fp16_to_fp32_16_1', a pin on submodule 'u_output_reg' is connected to logic 1 or logic 0. (LINT-32)
   Pin 'in_data[9]' is connected to logic 0. 
Warning: In design 'fp16_to_fp32_16_1', a pin on submodule 'u_output_reg' is connected to logic 1 or logic 0. (LINT-32)
   Pin 'in_data[8]' is connected to logic 0. 
Warning: In design 'fp16_to_fp32_16_1', a pin on submodule 'u_output_reg' is connected to logic 1 or logic 0. (LINT-32)
   Pin 'in_data[7]' is connected to logic 0. 
Warning: In design 'fp16_to_fp32_16_1', a pin on submodule 'u_output_reg' is connected to logic 1 or logic 0. (LINT-32)
   Pin 'in_data[6]' is connected to logic 0. 
Warning: In design 'fp16_to_fp32_16_1', a pin on submodule 'u_output_reg' is connected to logic 1 or logic 0. (LINT-32)
   Pin 'in_data[5]' is connected to logic 0. 
Warning: In design 'fp16_to_fp32_16_1', a pin on submodule 'u_output_reg' is connected to logic 1 or logic 0. (LINT-32)
   Pin 'in_data[4]' is connected to logic 0. 
Warning: In design 'fp16_to_fp32_16_1', a pin on submodule 'u_output_reg' is connected to logic 1 or logic 0. (LINT-32)
   Pin 'in_data[3]' is connected to logic 0. 
Warning: In design 'fp16_to_fp32_16_1', a pin on submodule 'u_output_reg' is connected to logic 1 or logic 0. (LINT-32)
   Pin 'in_data[2]' is connected to logic 0. 
Warning: In design 'fp16_to_fp32_16_1', a pin on submodule 'u_output_reg' is connected to logic 1 or logic 0. (LINT-32)
   Pin 'in_data[1]' is connected to logic 0. 
Warning: In design 'fp16_to_fp32_16_1', a pin on submodule 'u_output_reg' is connected to logic 1 or logic 0. (LINT-32)
   Pin 'in_data[0]' is connected to logic 0. 
Warning: In design 'single_head_attention_controller_8_8_32_16_64_1', the same net is connected to more than one pin on submodule 'u_pe_core'. (LINT-33)
   Net 'pe_in_clear' is connected to pins 'in_clear', 'in_tile_first''.
Warning: In design 'single_head_attention_controller_8_8_32_16_64_1', the same net is connected to more than one pin on submodule 'u_pe_core'. (LINT-33)
   Net '*Logic0*' is connected to pins 'in_active_lanes[3]', 'in_active_lanes[2]'', 'in_active_lanes[1]', 'in_active_lanes[0]'.
Warning: In design 'attention_score_scaler_8_16_1', the same net is connected to more than one pin on submodule 'u_scale_mac'. (LINT-33)
   Net '*Logic0*' is connected to pins 'in_b[31]', 'in_b[30]'', 'in_b[24]', 'in_b[22]', 'in_b[19]', 'in_b[17]', 'in_b[15]', 'in_b[14]', 'in_b[13]', 'in_b[12]', 'in_b[11]', 'in_b[9]', 'in_b[8]', 'in_b[3]', 'in_b[2]', 'in_c[31]', 'in_c[30]', 'in_c[29]', 'in_c[28]', 'in_c[27]', 'in_c[26]', 'in_c[25]', 'in_c[24]', 'in_c[23]', 'in_c[22]', 'in_c[21]', 'in_c[20]', 'in_c[19]', 'in_c[18]', 'in_c[17]', 'in_c[16]', 'in_c[15]', 'in_c[14]', 'in_c[13]', 'in_c[12]', 'in_c[11]', 'in_c[10]', 'in_c[9]', 'in_c[8]', 'in_c[7]', 'in_c[6]', 'in_c[5]', 'in_c[4]', 'in_c[3]', 'in_c[2]', 'in_c[1]', 'in_c[0]'.
Warning: In design 'attention_score_scaler_8_16_1', the same net is connected to more than one pin on submodule 'u_scale_mac'. (LINT-33)
   Net '*Logic1*' is connected to pins 'in_b[29]', 'in_b[28]'', 'in_b[27]', 'in_b[26]', 'in_b[25]', 'in_b[23]', 'in_b[21]', 'in_b[20]', 'in_b[18]', 'in_b[16]', 'in_b[10]', 'in_b[7]', 'in_b[6]', 'in_b[5]', 'in_b[4]', 'in_b[1]', 'in_b[0]'.
Warning: In design 'score_buffer_DEPTH32_COUNTER_W64_READ_LATENCY1', the same net is connected to more than one pin on submodule 'u_mem'. (LINT-33)
   Net '*Logic1*' is connected to pins 'clk_en', 'wr_wstrb[3]'', 'wr_wstrb[2]', 'wr_wstrb[1]', 'wr_wstrb[0]'.
Warning: In design 'softmax_reduction_16_1', the same net is connected to more than one pin on submodule 'u_scale_old_sum'. (LINT-33)
   Net '*Logic0*' is connected to pins 'in_c[31]', 'in_c[30]'', 'in_c[29]', 'in_c[28]', 'in_c[27]', 'in_c[26]', 'in_c[25]', 'in_c[24]', 'in_c[23]', 'in_c[22]', 'in_c[21]', 'in_c[20]', 'in_c[19]', 'in_c[18]', 'in_c[17]', 'in_c[16]', 'in_c[15]', 'in_c[14]', 'in_c[13]', 'in_c[12]', 'in_c[11]', 'in_c[10]', 'in_c[9]', 'in_c[8]', 'in_c[7]', 'in_c[6]', 'in_c[5]', 'in_c[4]', 'in_c[3]', 'in_c[2]', 'in_c[1]', 'in_c[0]'.
Warning: In design 'softmax_normalization_16_5_1', the same net is connected to more than one pin on submodule 'u_prob_mul'. (LINT-33)
   Net '*Logic0*' is connected to pins 'in_c[31]', 'in_c[30]'', 'in_c[29]', 'in_c[28]', 'in_c[27]', 'in_c[26]', 'in_c[25]', 'in_c[24]', 'in_c[23]', 'in_c[22]', 'in_c[21]', 'in_c[20]', 'in_c[19]', 'in_c[18]', 'in_c[17]', 'in_c[16]', 'in_c[15]', 'in_c[14]', 'in_c[13]', 'in_c[12]', 'in_c[11]', 'in_c[10]', 'in_c[9]', 'in_c[8]', 'in_c[7]', 'in_c[6]', 'in_c[5]', 'in_c[4]', 'in_c[3]', 'in_c[2]', 'in_c[1]', 'in_c[0]'.
Warning: In design 'fp16_to_fp32_16_1', the same net is connected to more than one pin on submodule 'u_output_reg'. (LINT-33)
   Net '*Logic0*' is connected to pins 'in_data[12]', 'in_data[11]'', 'in_data[10]', 'in_data[9]', 'in_data[8]', 'in_data[7]', 'in_data[6]', 'in_data[5]', 'in_data[4]', 'in_data[3]', 'in_data[2]', 'in_data[1]', 'in_data[0]'.
1
