 
****************************************
check_design summary:
Version:     L-2016.03-SP1
Date:        Sun Jul 12 22:12:57 2026
****************************************

                   Name                                            Total
--------------------------------------------------------------------------------
Inputs/Outputs                                                      3
    Shorted outputs (LINT-31)                                       1
    Constant outputs (LINT-52)                                      2

Cells                                                               8
    Cells do not drive (LINT-1)                                     8
--------------------------------------------------------------------------------

Warning: In design 'kv_cache_manager_D_HEAD16_MAX_SEQ_LEN8', cell 'C34757' does not drive any nets. (LINT-1)
Warning: In design 'kv_cache_manager_D_HEAD16_MAX_SEQ_LEN8', cell 'C34781' does not drive any nets. (LINT-1)
Warning: In design 'kv_cache_manager_D_HEAD16_MAX_SEQ_LEN8', cell 'C34806' does not drive any nets. (LINT-1)
Warning: In design 'kv_cache_manager_D_HEAD16_MAX_SEQ_LEN8', cell 'C34818' does not drive any nets. (LINT-1)
Warning: In design 'kv_cache_manager_D_HEAD16_MAX_SEQ_LEN8', cell 'C35196' does not drive any nets. (LINT-1)
Warning: In design 'kv_cache_manager_D_HEAD16_MAX_SEQ_LEN8', cell 'C35210' does not drive any nets. (LINT-1)
Warning: In design 'kv_cache_manager_D_HEAD16_MAX_SEQ_LEN8', cell 'C35212' does not drive any nets. (LINT-1)
Warning: In design 'kv_cache_manager_D_HEAD16_MAX_SEQ_LEN8', cell 'C35225' does not drive any nets. (LINT-1)
Warning: In design 'kv_address_generator_D_HEAD16_MAX_SEQ_LEN8', output port 'token_in_range' is connected directly to output port 'dim_in_range'. (LINT-31)
Warning: In design 'kv_address_generator_D_HEAD16_MAX_SEQ_LEN8', output port 'token_in_range' is connected directly to 'logic 1'. (LINT-52)
Warning: In design 'kv_address_generator_D_HEAD16_MAX_SEQ_LEN8', output port 'dim_in_range' is connected directly to 'logic 1'. (LINT-52)
1
