 
****************************************
check_design summary:
Version:     L-2016.03-SP1
Date:        Sun Jul 12 11:06:06 2026
****************************************

                   Name                                            Total
--------------------------------------------------------------------------------
Cells                                                              14
    Connected to power or ground (LINT-32)                         13
    Nets connected to multiple pins on same cell (LINT-33)          1
--------------------------------------------------------------------------------

Warning: In design 'fp16_to_fp32', a pin on submodule 'u_output_reg' is connected to logic 1 or logic 0. (LINT-32)
   Pin 'in_data[12]' is connected to logic 0. 
Warning: In design 'fp16_to_fp32', a pin on submodule 'u_output_reg' is connected to logic 1 or logic 0. (LINT-32)
   Pin 'in_data[11]' is connected to logic 0. 
Warning: In design 'fp16_to_fp32', a pin on submodule 'u_output_reg' is connected to logic 1 or logic 0. (LINT-32)
   Pin 'in_data[10]' is connected to logic 0. 
Warning: In design 'fp16_to_fp32', a pin on submodule 'u_output_reg' is connected to logic 1 or logic 0. (LINT-32)
   Pin 'in_data[9]' is connected to logic 0. 
Warning: In design 'fp16_to_fp32', a pin on submodule 'u_output_reg' is connected to logic 1 or logic 0. (LINT-32)
   Pin 'in_data[8]' is connected to logic 0. 
Warning: In design 'fp16_to_fp32', a pin on submodule 'u_output_reg' is connected to logic 1 or logic 0. (LINT-32)
   Pin 'in_data[7]' is connected to logic 0. 
Warning: In design 'fp16_to_fp32', a pin on submodule 'u_output_reg' is connected to logic 1 or logic 0. (LINT-32)
   Pin 'in_data[6]' is connected to logic 0. 
Warning: In design 'fp16_to_fp32', a pin on submodule 'u_output_reg' is connected to logic 1 or logic 0. (LINT-32)
   Pin 'in_data[5]' is connected to logic 0. 
Warning: In design 'fp16_to_fp32', a pin on submodule 'u_output_reg' is connected to logic 1 or logic 0. (LINT-32)
   Pin 'in_data[4]' is connected to logic 0. 
Warning: In design 'fp16_to_fp32', a pin on submodule 'u_output_reg' is connected to logic 1 or logic 0. (LINT-32)
   Pin 'in_data[3]' is connected to logic 0. 
Warning: In design 'fp16_to_fp32', a pin on submodule 'u_output_reg' is connected to logic 1 or logic 0. (LINT-32)
   Pin 'in_data[2]' is connected to logic 0. 
Warning: In design 'fp16_to_fp32', a pin on submodule 'u_output_reg' is connected to logic 1 or logic 0. (LINT-32)
   Pin 'in_data[1]' is connected to logic 0. 
Warning: In design 'fp16_to_fp32', a pin on submodule 'u_output_reg' is connected to logic 1 or logic 0. (LINT-32)
   Pin 'in_data[0]' is connected to logic 0. 
Warning: In design 'fp16_to_fp32', the same net is connected to more than one pin on submodule 'u_output_reg'. (LINT-33)
   Net '*Logic0*' is connected to pins 'in_data[12]', 'in_data[11]'', 'in_data[10]', 'in_data[9]', 'in_data[8]', 'in_data[7]', 'in_data[6]', 'in_data[5]', 'in_data[4]', 'in_data[3]', 'in_data[2]', 'in_data[1]', 'in_data[0]'.
1
