 
****************************************
check_design summary:
Version:     L-2016.03-SP1
Date:        Mon Jul 13 13:41:38 2026
****************************************

                   Name                                            Total
--------------------------------------------------------------------------------
Inputs/Outputs                                                     60
    Unconnected ports (LINT-28)                                     3
    Feedthrough (LINT-29)                                          16
    Shorted outputs (LINT-31)                                      23
    Constant outputs (LINT-52)                                     18

Cells                                                               3
    Cells do not drive (LINT-1)                                     3
--------------------------------------------------------------------------------

Warning: In design 'output_projection_controller_D_MODEL128_PE_NUM8_META_W16_COUNTER_W64', cell 'C6369' does not drive any nets. (LINT-1)
Warning: In design 'output_projection_controller_D_MODEL128_PE_NUM8_META_W16_COUNTER_W64', cell 'C6400' does not drive any nets. (LINT-1)
Warning: In design 'output_projection_controller_D_MODEL128_PE_NUM8_META_W16_COUNTER_W64', cell 'C6404' does not drive any nets. (LINT-1)
Warning: In design 'output_projection_controller_D_MODEL128_PE_NUM8_META_W16_COUNTER_W64', port 'proj_output_matrix_kind[1]' is not connected to any nets. (LINT-28)
Warning: In design 'output_projection_controller_D_MODEL128_PE_NUM8_META_W16_COUNTER_W64', port 'proj_output_matrix_kind[0]' is not connected to any nets. (LINT-28)
Warning: In design 'output_projection_controller_D_MODEL128_PE_NUM8_META_W16_COUNTER_W64', port 'proj_output_last' is not connected to any nets. (LINT-28)
Warning: In design 'output_projection_controller_D_MODEL128_PE_NUM8_META_W16_COUNTER_W64', input port 'concat_read_data_fp16[15]' is connected directly to output port 'proj_input_data_fp16[15]'. (LINT-29)
Warning: In design 'output_projection_controller_D_MODEL128_PE_NUM8_META_W16_COUNTER_W64', input port 'concat_read_data_fp16[14]' is connected directly to output port 'proj_input_data_fp16[14]'. (LINT-29)
Warning: In design 'output_projection_controller_D_MODEL128_PE_NUM8_META_W16_COUNTER_W64', input port 'concat_read_data_fp16[13]' is connected directly to output port 'proj_input_data_fp16[13]'. (LINT-29)
Warning: In design 'output_projection_controller_D_MODEL128_PE_NUM8_META_W16_COUNTER_W64', input port 'concat_read_data_fp16[12]' is connected directly to output port 'proj_input_data_fp16[12]'. (LINT-29)
Warning: In design 'output_projection_controller_D_MODEL128_PE_NUM8_META_W16_COUNTER_W64', input port 'concat_read_data_fp16[11]' is connected directly to output port 'proj_input_data_fp16[11]'. (LINT-29)
Warning: In design 'output_projection_controller_D_MODEL128_PE_NUM8_META_W16_COUNTER_W64', input port 'concat_read_data_fp16[10]' is connected directly to output port 'proj_input_data_fp16[10]'. (LINT-29)
Warning: In design 'output_projection_controller_D_MODEL128_PE_NUM8_META_W16_COUNTER_W64', input port 'concat_read_data_fp16[9]' is connected directly to output port 'proj_input_data_fp16[9]'. (LINT-29)
Warning: In design 'output_projection_controller_D_MODEL128_PE_NUM8_META_W16_COUNTER_W64', input port 'concat_read_data_fp16[8]' is connected directly to output port 'proj_input_data_fp16[8]'. (LINT-29)
Warning: In design 'output_projection_controller_D_MODEL128_PE_NUM8_META_W16_COUNTER_W64', input port 'concat_read_data_fp16[7]' is connected directly to output port 'proj_input_data_fp16[7]'. (LINT-29)
Warning: In design 'output_projection_controller_D_MODEL128_PE_NUM8_META_W16_COUNTER_W64', input port 'concat_read_data_fp16[6]' is connected directly to output port 'proj_input_data_fp16[6]'. (LINT-29)
Warning: In design 'output_projection_controller_D_MODEL128_PE_NUM8_META_W16_COUNTER_W64', input port 'concat_read_data_fp16[5]' is connected directly to output port 'proj_input_data_fp16[5]'. (LINT-29)
Warning: In design 'output_projection_controller_D_MODEL128_PE_NUM8_META_W16_COUNTER_W64', input port 'concat_read_data_fp16[4]' is connected directly to output port 'proj_input_data_fp16[4]'. (LINT-29)
Warning: In design 'output_projection_controller_D_MODEL128_PE_NUM8_META_W16_COUNTER_W64', input port 'concat_read_data_fp16[3]' is connected directly to output port 'proj_input_data_fp16[3]'. (LINT-29)
Warning: In design 'output_projection_controller_D_MODEL128_PE_NUM8_META_W16_COUNTER_W64', input port 'concat_read_data_fp16[2]' is connected directly to output port 'proj_input_data_fp16[2]'. (LINT-29)
Warning: In design 'output_projection_controller_D_MODEL128_PE_NUM8_META_W16_COUNTER_W64', input port 'concat_read_data_fp16[1]' is connected directly to output port 'proj_input_data_fp16[1]'. (LINT-29)
Warning: In design 'output_projection_controller_D_MODEL128_PE_NUM8_META_W16_COUNTER_W64', input port 'concat_read_data_fp16[0]' is connected directly to output port 'proj_input_data_fp16[0]'. (LINT-29)
Warning: In design 'output_projection_controller_D_MODEL128_PE_NUM8_META_W16_COUNTER_W64', output port 'concat_read_index[6]' is connected directly to output port 'proj_input_dim[6]'. (LINT-31)
Warning: In design 'output_projection_controller_D_MODEL128_PE_NUM8_META_W16_COUNTER_W64', output port 'concat_read_index[5]' is connected directly to output port 'proj_input_dim[5]'. (LINT-31)
Warning: In design 'output_projection_controller_D_MODEL128_PE_NUM8_META_W16_COUNTER_W64', output port 'concat_read_index[4]' is connected directly to output port 'proj_input_dim[4]'. (LINT-31)
Warning: In design 'output_projection_controller_D_MODEL128_PE_NUM8_META_W16_COUNTER_W64', output port 'concat_read_index[3]' is connected directly to output port 'proj_input_dim[3]'. (LINT-31)
Warning: In design 'output_projection_controller_D_MODEL128_PE_NUM8_META_W16_COUNTER_W64', output port 'concat_read_index[2]' is connected directly to output port 'proj_input_dim[2]'. (LINT-31)
Warning: In design 'output_projection_controller_D_MODEL128_PE_NUM8_META_W16_COUNTER_W64', output port 'concat_read_index[1]' is connected directly to output port 'proj_input_dim[1]'. (LINT-31)
Warning: In design 'output_projection_controller_D_MODEL128_PE_NUM8_META_W16_COUNTER_W64', output port 'concat_read_index[0]' is connected directly to output port 'proj_input_dim[0]'. (LINT-31)
Warning: In design 'output_projection_controller_D_MODEL128_PE_NUM8_META_W16_COUNTER_W64', output port 'proj_start_matrix_kind[1]' is connected directly to output port 'proj_start_output_length[7]'. (LINT-31)
Warning: In design 'output_projection_controller_D_MODEL128_PE_NUM8_META_W16_COUNTER_W64', output port 'proj_start_matrix_kind[1]' is connected directly to output port 'proj_start_input_length[7]'. (LINT-31)
Warning: In design 'output_projection_controller_D_MODEL128_PE_NUM8_META_W16_COUNTER_W64', output port 'proj_start_matrix_kind[1]' is connected directly to output port 'proj_start_matrix_kind[0]'. (LINT-31)
Warning: In design 'output_projection_controller_D_MODEL128_PE_NUM8_META_W16_COUNTER_W64', output port 'proj_start_input_length[6]' is connected directly to output port 'proj_start_output_length[0]'. (LINT-31)
Warning: In design 'output_projection_controller_D_MODEL128_PE_NUM8_META_W16_COUNTER_W64', output port 'proj_start_input_length[6]' is connected directly to output port 'proj_start_output_length[1]'. (LINT-31)
Warning: In design 'output_projection_controller_D_MODEL128_PE_NUM8_META_W16_COUNTER_W64', output port 'proj_start_input_length[6]' is connected directly to output port 'proj_start_output_length[2]'. (LINT-31)
Warning: In design 'output_projection_controller_D_MODEL128_PE_NUM8_META_W16_COUNTER_W64', output port 'proj_start_input_length[6]' is connected directly to output port 'proj_start_output_length[3]'. (LINT-31)
Warning: In design 'output_projection_controller_D_MODEL128_PE_NUM8_META_W16_COUNTER_W64', output port 'proj_start_input_length[6]' is connected directly to output port 'proj_start_output_length[4]'. (LINT-31)
Warning: In design 'output_projection_controller_D_MODEL128_PE_NUM8_META_W16_COUNTER_W64', output port 'proj_start_input_length[6]' is connected directly to output port 'proj_start_output_length[5]'. (LINT-31)
Warning: In design 'output_projection_controller_D_MODEL128_PE_NUM8_META_W16_COUNTER_W64', output port 'proj_start_input_length[6]' is connected directly to output port 'proj_start_output_length[6]'. (LINT-31)
Warning: In design 'output_projection_controller_D_MODEL128_PE_NUM8_META_W16_COUNTER_W64', output port 'proj_start_input_length[6]' is connected directly to output port 'proj_start_input_length[0]'. (LINT-31)
Warning: In design 'output_projection_controller_D_MODEL128_PE_NUM8_META_W16_COUNTER_W64', output port 'proj_start_input_length[6]' is connected directly to output port 'proj_start_input_length[1]'. (LINT-31)
Warning: In design 'output_projection_controller_D_MODEL128_PE_NUM8_META_W16_COUNTER_W64', output port 'proj_start_input_length[6]' is connected directly to output port 'proj_start_input_length[2]'. (LINT-31)
Warning: In design 'output_projection_controller_D_MODEL128_PE_NUM8_META_W16_COUNTER_W64', output port 'proj_start_input_length[6]' is connected directly to output port 'proj_start_input_length[3]'. (LINT-31)
Warning: In design 'output_projection_controller_D_MODEL128_PE_NUM8_META_W16_COUNTER_W64', output port 'proj_start_input_length[6]' is connected directly to output port 'proj_start_input_length[4]'. (LINT-31)
Warning: In design 'output_projection_controller_D_MODEL128_PE_NUM8_META_W16_COUNTER_W64', output port 'proj_start_input_length[6]' is connected directly to output port 'proj_start_input_length[5]'. (LINT-31)
Warning: In design 'output_projection_controller_D_MODEL128_PE_NUM8_META_W16_COUNTER_W64', output port 'proj_start_matrix_kind[1]' is connected directly to 'logic 1'. (LINT-52)
Warning: In design 'output_projection_controller_D_MODEL128_PE_NUM8_META_W16_COUNTER_W64', output port 'proj_start_matrix_kind[0]' is connected directly to 'logic 1'. (LINT-52)
Warning: In design 'output_projection_controller_D_MODEL128_PE_NUM8_META_W16_COUNTER_W64', output port 'proj_start_input_length[7]' is connected directly to 'logic 1'. (LINT-52)
Warning: In design 'output_projection_controller_D_MODEL128_PE_NUM8_META_W16_COUNTER_W64', output port 'proj_start_input_length[6]' is connected directly to 'logic 0'. (LINT-52)
Warning: In design 'output_projection_controller_D_MODEL128_PE_NUM8_META_W16_COUNTER_W64', output port 'proj_start_input_length[5]' is connected directly to 'logic 0'. (LINT-52)
Warning: In design 'output_projection_controller_D_MODEL128_PE_NUM8_META_W16_COUNTER_W64', output port 'proj_start_input_length[4]' is connected directly to 'logic 0'. (LINT-52)
Warning: In design 'output_projection_controller_D_MODEL128_PE_NUM8_META_W16_COUNTER_W64', output port 'proj_start_input_length[3]' is connected directly to 'logic 0'. (LINT-52)
Warning: In design 'output_projection_controller_D_MODEL128_PE_NUM8_META_W16_COUNTER_W64', output port 'proj_start_input_length[2]' is connected directly to 'logic 0'. (LINT-52)
Warning: In design 'output_projection_controller_D_MODEL128_PE_NUM8_META_W16_COUNTER_W64', output port 'proj_start_input_length[1]' is connected directly to 'logic 0'. (LINT-52)
Warning: In design 'output_projection_controller_D_MODEL128_PE_NUM8_META_W16_COUNTER_W64', output port 'proj_start_input_length[0]' is connected directly to 'logic 0'. (LINT-52)
Warning: In design 'output_projection_controller_D_MODEL128_PE_NUM8_META_W16_COUNTER_W64', output port 'proj_start_output_length[7]' is connected directly to 'logic 1'. (LINT-52)
Warning: In design 'output_projection_controller_D_MODEL128_PE_NUM8_META_W16_COUNTER_W64', output port 'proj_start_output_length[6]' is connected directly to 'logic 0'. (LINT-52)
Warning: In design 'output_projection_controller_D_MODEL128_PE_NUM8_META_W16_COUNTER_W64', output port 'proj_start_output_length[5]' is connected directly to 'logic 0'. (LINT-52)
Warning: In design 'output_projection_controller_D_MODEL128_PE_NUM8_META_W16_COUNTER_W64', output port 'proj_start_output_length[4]' is connected directly to 'logic 0'. (LINT-52)
Warning: In design 'output_projection_controller_D_MODEL128_PE_NUM8_META_W16_COUNTER_W64', output port 'proj_start_output_length[3]' is connected directly to 'logic 0'. (LINT-52)
Warning: In design 'output_projection_controller_D_MODEL128_PE_NUM8_META_W16_COUNTER_W64', output port 'proj_start_output_length[2]' is connected directly to 'logic 0'. (LINT-52)
Warning: In design 'output_projection_controller_D_MODEL128_PE_NUM8_META_W16_COUNTER_W64', output port 'proj_start_output_length[1]' is connected directly to 'logic 0'. (LINT-52)
Warning: In design 'output_projection_controller_D_MODEL128_PE_NUM8_META_W16_COUNTER_W64', output port 'proj_start_output_length[0]' is connected directly to 'logic 0'. (LINT-52)
1
